<?xml version="1.0" encoding="UTF-8"?>
<testng-results skipped="0" failed="0" total="1" passed="1">
  <reporter-output>
  </reporter-output>
  <suite name="Default suite" duration-ms="947" started-at="2018-08-02T12:25:31Z" finished-at="2018-08-02T12:25:31Z">
    <groups>
    </groups>
    <test name="Default test" duration-ms="947" started-at="2018-08-02T12:25:31Z" finished-at="2018-08-02T12:25:31Z">
      <class name="com.infofactors.driverfactory.Applet">
        <test-method status="PASS" signature="kickStart()[pri:0, instance:com.infofactors.driverfactory.Applet@68c4039c]" name="kickStart" duration-ms="921" started-at="2018-08-02T17:55:31Z" finished-at="2018-08-02T17:55:31Z">
          <reporter-output>
          </reporter-output>
        </test-method> <!-- kickStart -->
      </class> <!-- com.infofactors.driverfactory.Applet -->
    </test> <!-- Default test -->
  </suite> <!-- Default suite -->
</testng-results>
